<?xml version="1.0" encoding="UTF-8"?>
<testsuite name="Scenario: Verify shopping cart is empty" time="0.003" tests="4" errors="0" skipped="0" failures="0">
  <properties>
[...]
</properties>
  <testcase name="When Shopping Home Page is opened in browser" classname="Scenario: Verify shopping cart is empty" time="0.002"/>
  <testcase name="Then Asset Shoppingcart Empty" classname="Scenario: Verify shopping cart is empty" time="0"/>
  <testcase name="Then Close the Browser" classname="Scenario: Verify shopping cart is empty" time="0"/>
  <testcase name="Scenario: Verify shopping cart is empty" classname="Scenario: Verify shopping cart is empty" time="0.001"/>
</testsuite>